mike@Gamestation:~/workspace2/BBPerft$ ./perft -s -d 8 -f "rnbqkbnr/pppppppp/8/8/8/8/PPPPPPPP/RNBQKBNR w KQkq - 0 1"
r n b q k b n r
p p p p p p p p
- - - - - - - -
- - - - - - - -
- - - - - - - -
- - - - - - - -
P P P P P P P P
R N B Q K B N R
a2a3: 2863411653
b2b3: 3579299617
c2c3: 3806229124
d2d3: 6093248619
e2e3: 8039390919
f2f3: 2728615868
g2g3: 3641432923
h2h3: 2860408680
a2a4: 3676309619
b2b4: 3569067629
c2c4: 4199667616
d2d4: 7184581950
e2e4: 8102108221
f2f4: 3199039406
g2g4: 3466204702
h2h4: 3711123115
b1a3: 3193522577
b1c3: 3926684340
g1f3: 3937354096
g1h3: 3221278282
Perft( 8) : 230646 ms
Leaves    : 84998978956
NPS       : 368525701