mike@Gamestation:~/workspace2/perft/build$ ./perft p 7
n = 3,195,901,860
t = 6.89233
p = 463,689,470

mike@Gamestation:~/workspace2/perft/build$ ./perft d 7
Nb1a3 120142144
Nb1c3 148527161
Ng1f3 147678554
Ng1h3 120669525
Pa2a3 106743106
Pb2b3 133233975
Pc2c3 144074944
Pd2d3 227598692
Pe2e3 306138410
Pf2f3 102021008
Pg2g3 135987651
Ph2h3 106678423
Pa2a4 137077337
Pb2b4 134087476
Pc2c4 157756443
Pd2d4 269605599
Pe2e4 309478263
Pf2f4 119614841
Pg2g4 130293018
Ph2h4 138495290
n = 3,195,901,860
t = 6.90406
p = 462,901,924

mike@Gamestation:~/workspace2/perft/build$