mike@Gamestation:~/workspace2/perft/build$ ./perft d 9
Nb1a3   85849641909
Nb1c3   109418317145
Ng1f3   108393009416
Ng1h3   86659653631
Pa2a3   74950758099
Pb2b3   96577095997
Pc2c3   108697368719
Pd2d3   176976245463
Pe2e3   259522947791
Pf2f3   68094899093
Pg2g3   99646370024
Ph2h3   74778417365
Pa2a4   101265301849
Pb2b4   97442160946
Pc2c4   120549219832
Pd2d4   227220482342
Pe2e4   263561543780
Pf2f4   84792070664
Pg2g4   92281289941
Ph2h4   102853440161
n = 2,439,530,234,167
t = 345.501
p = 7,060,855,584

mike@Gamestation:~/workspace2/perft/build$
