mike@Gamestation:~/workspace2/perft/build$ ./a.out 8
 - - - - - - - - - - - -
 - - - - - - - - - - - -
 - - r n b q k b n r - -
 - - p p p p p p p p - -
 - - . . . . . . . . - -
 - - . . . . . . . . - -
 - - . . . . . . . . - -
 - - . . . . . . . . - -
 - - P P P P P P P P - -
 - - R N B Q K B N R - -
 - - - - - - - - - - - -
 - - - - - - - - - - - -

Quick Perft by H.G. Muller
Perft mode: No hashing, bulk counting in horizon nodes

perft( 1)=           20 ( 0.000 sec)
perft( 2)=          400 ( 0.000 sec)
perft( 3)=         8902 ( 0.000 sec)
perft( 4)=       197281 ( 0.001 sec)
perft( 5)=      4865609 ( 0.012 sec)
perft( 6)=    119060324 ( 0.309 sec)
perft( 7)=   3195901860 ( 8.373 sec)
perft( 8)=  84998978956 (227.948 sec)