PS C:\Users\mikeg\Downloads> .\perft.exe 9 H25
Hash-table size = 1ffffff, Starts at d05040,section = 3fffff
 - - - - - - - - - - - -
 - - - - - - - - - - - -
 - - r n b q k b n r - -
 - - p p p p p p p p - -
 - - . . . . . . . . - -
 - - . . . . . . . . - -
 - - . . . . . . . . - -
 - - . . . . . . . . - -
 - - P P P P P P P P - -
 - - R N B Q K B N R - -
 - - - - - - - - - - - -
 - - - - - - - - - - - -

Quick Perft by H.G. Muller
Perft mode: Hash-table size = 512MB, bulk counting in horizon nodes

perft( 1)=           20 ( 0.000 sec)
perft( 2)=          400 ( 0.000 sec)
perft( 3)=         8902 ( 0.000 sec)
perft( 4)=       197281 ( 0.001 sec)
perft( 5)=      4865609 ( 0.016 sec)
perft( 6)=    119060324 ( 0.194 sec)
perft( 7)=   3195901860 ( 2.233 sec)
perft( 8)=  84998978956 (29.512 sec)
perft( 9)= 2439530234167 (463.245 sec)